C51 COMPILER V9.60.0.0   BAT                                                               08/27/2021 21:40:33 PAGE 1   


C51 COMPILER V9.60.0.0, COMPILATION OF MODULE BAT
OBJECT MODULE PLACED IN .\src\bat.OBJ
COMPILER INVOKED BY: c:\SiliconLabs\SimplicityStudio\v5\developer\toolchains\keil_8051\9.60\BIN\C51.exe C:\src\Tennp\Git
                    -\AutoWatering\Firmware\AutoWaterLight\src\bat.c OMF2 SMALL DEBUG OBJECTEXTEND ROM(LARGE) WARNINGLEVEL(2) FLOATFUZZY(3) O
                    -PTIMIZE(8,SPEED) INTVECTOR(0X0000) INTPROMOTE INCDIR(C:/SiliconLabs/SimplicityStudio/v5/developer/sdks/8051/v4.2.0//Devi
                    -ce/shared/si8051Base;C:/SiliconLabs/SimplicityStudio/v5/developer/sdks/8051/v4.2.0//Device/EFM8BB1/inc) PRINT(.\src\bat.
                    -lst) COND PAGEWIDTH(120) PAGELENGTH(65) OBJECT(.\src\bat.OBJ)

line level    source

   1          #include "bat.h"
   2          
   3          int16_t getBatVoltageMv(void){
   4   1        int32_t sum = 0;
   5   1        int16_t counter, adcval;
   6   1      
   7   1        ADC0MX = ADC0MX_ADC0MX__ADC0P3; // voltage
   8   1      
   9   1        for(counter=0;counter<500;counter++){
  10   2            ADC0CN0_ADINT = 0;  // reset ADC complete interrupt
  11   2            ADC0CN0_ADBUSY = 1; // start ADC conversions
  12   2            while(ADC0CN0_ADINT==0); // wait for adc to complete
  13   2            adcval = ADC0;
  14   2            sum+=adcval;
  15   2        }
  16   1        adcval = sum/500;
  17   1        return (int32_t)adcval*4334/4092; //ADC*Vmax/ADCmax value in mV
  18   1      }


MODULE INFORMATION:   STATIC OVERLAYABLE
   CODE SIZE        =    115    ----
   CONSTANT SIZE    =   ----    ----
   XDATA SIZE       =   ----    ----
   PDATA SIZE       =   ----    ----
   DATA SIZE        =   ----       6
   IDATA SIZE       =   ----    ----
   BIT SIZE         =   ----    ----
   EDATA SIZE       =   ----    ----
   HDATA SIZE       =   ----    ----
   XDATA CONST SIZE =   ----    ----
   FAR CONST SIZE   =   ----    ----
END OF MODULE INFORMATION.


C51 COMPILATION COMPLETE.  0 WARNING(S),  0 ERROR(S)
