C51 COMPILER V9.60.0.0   BUTTON                                                            08/28/2021 20:40:37 PAGE 1   


C51 COMPILER V9.60.0.0, COMPILATION OF MODULE BUTTON
OBJECT MODULE PLACED IN .\src\button.OBJ
COMPILER INVOKED BY: c:\SiliconLabs\SimplicityStudio\v5\developer\toolchains\keil_8051\9.60\BIN\C51.exe C:\src\Tennp\Git
                    -\AutoWatering\Firmware\AutoWaterLight\src\button.c OMF2 SMALL DEBUG OBJECTEXTEND ROM(LARGE) WARNINGLEVEL(2) FLOATFUZZY(3
                    -) OPTIMIZE(8,SPEED) INTVECTOR(0X0000) INTPROMOTE INCDIR(C:/SiliconLabs/SimplicityStudio/v5/developer/sdks/8051/v4.2.0//D
                    -evice/shared/si8051Base;C:/SiliconLabs/SimplicityStudio/v5/developer/sdks/8051/v4.2.0//Device/EFM8BB1/inc) PRINT(.\src\b
                    -utton.lst) COND PAGEWIDTH(120) PAGELENGTH(65) OBJECT(.\src\button.OBJ)

line level    source

   1          //#pragma src
   2          // Button routines
   3          #include "button.h"
   4          
   5          volatile int16_t buttoncntr;
   6          volatile BUT_STATE buttonstate = BUT_NOTPRESSED;
   7          
   8          // Interrupts can set buttonstate to one of the states: BUT_PRESSED, BUT_LONGPRESS, BUT_SHORTPRESS,
   9          // This routine reads that statuses and returns them allowing kind of memory effect.
  10          // After status is read the status updated to BUT_NOTPRESSED.
  11          uint8_t getButtonState(void){
  12   1              uint8_t tmp = buttonstate; // preserve button state
  13   1              uint16_t tmpcntr;
  14   1              buttonstate = BUT_NOTPRESSED; // next time we need to return no press
  15   1              if(tmp==BUT_PRESSED){
  16   2                      // button is pressed, let's see for how long time...
  17   2                  IE_EA = 0;     //Disable interrupts
  18   2                  tmpcntr = buttoncntr;
  19   2                  IE_EA = 1;      //Enable interrupts
  20   2                      if(tmpcntr >= 20*2) tmp = BUT_PRESSED2S; // about 1.5s
  21   2                      if(tmpcntr >= 32*5) tmp = BUT_PRESSED5S;
  22   2              }
  23   1              return tmp;
  24   1      }


MODULE INFORMATION:   STATIC OVERLAYABLE
   CODE SIZE        =     41    ----
   CONSTANT SIZE    =   ----    ----
   XDATA SIZE       =   ----    ----
   PDATA SIZE       =   ----    ----
   DATA SIZE        =      3    ----
   IDATA SIZE       =   ----    ----
   BIT SIZE         =   ----    ----
   EDATA SIZE       =   ----    ----
   HDATA SIZE       =   ----    ----
   XDATA CONST SIZE =   ----    ----
   FAR CONST SIZE   =   ----    ----
END OF MODULE INFORMATION.


C51 COMPILATION COMPLETE.  0 WARNING(S),  0 ERROR(S)
