C51 COMPILER V9.60.0.0   UART1                                                             06/07/2021 20:57:01 PAGE 1   


C51 COMPILER V9.60.0.0, COMPILATION OF MODULE UART1
OBJECT MODULE PLACED IN .\src\uart1.OBJ
COMPILER INVOKED BY: c:\SiliconLabs\SimplicityStudio\v5\developer\toolchains\keil_8051\9.60\BIN\C51.exe C:\src\Tennp\Git
                    -\ECmeter\Firmware\src\uart1.c OMF2 SMALL DEBUG OBJECTEXTEND ROM(LARGE) WARNINGLEVEL(2) FLOATFUZZY(3) OPTIMIZE(8,SPEED) I
                    -NTVECTOR(0X0000) INTPROMOTE INCDIR(C:/SiliconLabs/SimplicityStudio/v5/developer/sdks/8051/v4.2.0//Device/shared/si8051Ba
                    -se;C:/SiliconLabs/SimplicityStudio/v5/developer/sdks/8051/v4.2.0//Device/EFM8BB1/inc) PRINT(.\src\uart1.lst) COND PAGEWI
                    -DTH(120) PAGELENGTH(65) OBJECT(.\src\uart1.OBJ)

line level    source

   1          #include "main.h"
   2          
   3          
   4          #ifdef DEBUGUART
   5          #include "uart1.h"
   6          
   7          // UART procedures for debug purposes
   8          void UART_Init(void){
   9   1      
  10   1      }
  11          
  12          void prnUART(char code *str, bit nl){
  13   1        uint8_t sfrb = SFRPAGE, i=0;
*** ERROR C202 IN LINE 13 OF C:\src\Tennp\Git\ECmeter\Firmware\src\uart1.c: 'SFRPAGE': undefined identifier
  14   1        SFRPAGE = 0x20; // SFR page 0x20
*** ERROR C202 IN LINE 14 OF C:\src\Tennp\Git\ECmeter\Firmware\src\uart1.c: 'SFRPAGE': undefined identifier
  15   1        while(str[i]!=0){
  16   2            while(!UART1FCN1_TXNF){}; // wait if buffer is full
*** ERROR C202 IN LINE 16 OF C:\src\Tennp\Git\ECmeter\Firmware\src\uart1.c: 'UART1FCN1_TXNF': undefined identifier
  17   2            SBUF1 = str[i];
*** ERROR C202 IN LINE 17 OF C:\src\Tennp\Git\ECmeter\Firmware\src\uart1.c: 'SBUF1': undefined identifier
  18   2            i++;
  19   2        }
  20   1        if(nl){
  21   2          while(!UART1FCN1_TXNF){}; // wait if buffer is full
*** ERROR C202 IN LINE 21 OF C:\src\Tennp\Git\ECmeter\Firmware\src\uart1.c: 'UART1FCN1_TXNF': undefined identifier
  22   2          SBUF1 = 13;
*** ERROR C202 IN LINE 22 OF C:\src\Tennp\Git\ECmeter\Firmware\src\uart1.c: 'SBUF1': undefined identifier
  23   2          while(!UART1FCN1_TXNF){}; // wait if buffer is full
*** ERROR C202 IN LINE 23 OF C:\src\Tennp\Git\ECmeter\Firmware\src\uart1.c: 'UART1FCN1_TXNF': undefined identifier
  24   2          SBUF1 = 10;
*** ERROR C202 IN LINE 24 OF C:\src\Tennp\Git\ECmeter\Firmware\src\uart1.c: 'SBUF1': undefined identifier
  25   2      //  }else{
  26   2      //    SBUF1 = 32;
  27   2        }
  28   1        SFRPAGE = sfrb; // restore sfr page
*** ERROR C202 IN LINE 28 OF C:\src\Tennp\Git\ECmeter\Firmware\src\uart1.c: 'SFRPAGE': undefined identifier
  29   1      }
  30          
  31          void sendUART(uint16_t num, bit nl){
  32   1        uint8_t sfrb = SFRPAGE;
*** ERROR C202 IN LINE 32 OF C:\src\Tennp\Git\ECmeter\Firmware\src\uart1.c: 'SFRPAGE': undefined identifier
  33   1        // convert 2 bytes data to decimal
  34   1        SFRPAGE = 0x20; // SFR page 0x20
*** ERROR C202 IN LINE 34 OF C:\src\Tennp\Git\ECmeter\Firmware\src\uart1.c: 'SFRPAGE': undefined identifier
  35   1        while(!UART1FCN1_TXNF){}; // wait if buffer is full
*** ERROR C202 IN LINE 35 OF C:\src\Tennp\Git\ECmeter\Firmware\src\uart1.c: 'UART1FCN1_TXNF': undefined identifier
  36   1        SBUF1 = num / 10000 + 48;
*** ERROR C202 IN LINE 36 OF C:\src\Tennp\Git\ECmeter\Firmware\src\uart1.c: 'SBUF1': undefined identifier
  37   1        num = num % 10000;
  38   1        while(!UART1FCN1_TXNF){}; // wait if buffer is full
*** ERROR C202 IN LINE 38 OF C:\src\Tennp\Git\ECmeter\Firmware\src\uart1.c: 'UART1FCN1_TXNF': undefined identifier
C51 COMPILER V9.60.0.0   UART1                                                             06/07/2021 20:57:01 PAGE 2   

  39   1        SBUF1 = num / 1000 + 48;
*** ERROR C202 IN LINE 39 OF C:\src\Tennp\Git\ECmeter\Firmware\src\uart1.c: 'SBUF1': undefined identifier
  40   1        num = num % 1000;
  41   1        while(!UART1FCN1_TXNF){}; // wait if buffer is full
*** ERROR C202 IN LINE 41 OF C:\src\Tennp\Git\ECmeter\Firmware\src\uart1.c: 'UART1FCN1_TXNF': undefined identifier
  42   1        SBUF1 = num / 100 + 48;
*** ERROR C202 IN LINE 42 OF C:\src\Tennp\Git\ECmeter\Firmware\src\uart1.c: 'SBUF1': undefined identifier
  43   1        num = num % 100;
  44   1        while(!UART1FCN1_TXNF){}; // wait if buffer is full
*** ERROR C202 IN LINE 44 OF C:\src\Tennp\Git\ECmeter\Firmware\src\uart1.c: 'UART1FCN1_TXNF': undefined identifier
  45   1        SBUF1 = num / 10 + 48;
*** ERROR C202 IN LINE 45 OF C:\src\Tennp\Git\ECmeter\Firmware\src\uart1.c: 'SBUF1': undefined identifier
  46   1        num = num % 10;
  47   1        while(!UART1FCN1_TXNF){}; // wait if buffer is full
*** ERROR C202 IN LINE 47 OF C:\src\Tennp\Git\ECmeter\Firmware\src\uart1.c: 'UART1FCN1_TXNF': undefined identifier
  48   1        SBUF1  = num + 48;
*** ERROR C202 IN LINE 48 OF C:\src\Tennp\Git\ECmeter\Firmware\src\uart1.c: 'SBUF1': undefined identifier
  49   1        while(!UART1FCN1_TXNF){}; // wait if buffer is full
*** ERROR C202 IN LINE 49 OF C:\src\Tennp\Git\ECmeter\Firmware\src\uart1.c: 'UART1FCN1_TXNF': undefined identifier
  50   1        if(nl){
  51   2          SBUF1  = 13;
*** ERROR C202 IN LINE 51 OF C:\src\Tennp\Git\ECmeter\Firmware\src\uart1.c: 'SBUF1': undefined identifier
  52   2          while(!UART1FCN1_TXNF){}; // wait if buffer is full
*** ERROR C202 IN LINE 52 OF C:\src\Tennp\Git\ECmeter\Firmware\src\uart1.c: 'UART1FCN1_TXNF': undefined identifier
  53   2          SBUF1  = 10;
*** ERROR C202 IN LINE 53 OF C:\src\Tennp\Git\ECmeter\Firmware\src\uart1.c: 'SBUF1': undefined identifier
  54   2      //  }else{
  55   2      //    SBUF1  = 32;
  56   2        }
  57   1        SFRPAGE = sfrb; // restore sfr page
*** ERROR C202 IN LINE 57 OF C:\src\Tennp\Git\ECmeter\Firmware\src\uart1.c: 'SFRPAGE': undefined identifier
  58   1      }
  59          
  60          #endif

C51 COMPILATION COMPLETE.  0 WARNING(S),  26 ERROR(S)
