C51 COMPILER V9.60.0.0   INTERRUPTS                                                        08/27/2021 21:40:09 PAGE 1   


C51 COMPILER V9.60.0.0, COMPILATION OF MODULE INTERRUPTS
OBJECT MODULE PLACED IN .\src\Interrupts.OBJ
COMPILER INVOKED BY: c:\SiliconLabs\SimplicityStudio\v5\developer\toolchains\keil_8051\9.60\BIN\C51.exe C:\src\Tennp\Git
                    -\AutoWatering\Firmware\AutoWater\src\Interrupts.c OMF2 SMALL DEBUG OBJECTEXTEND ROM(LARGE) WARNINGLEVEL(2) FLOATFUZZY(3)
                    - OPTIMIZE(8,SPEED) INTVECTOR(0X0000) INTPROMOTE INCDIR(C:/SiliconLabs/SimplicityStudio/v5/developer/sdks/8051/v4.2.0//De
                    -vice/shared/si8051Base;C:/SiliconLabs/SimplicityStudio/v5/developer/sdks/8051/v4.2.0//Device/EFM8BB1/inc) PRINT(.\src\In
                    -terrupts.lst) COND PAGEWIDTH(120) PAGELENGTH(65) OBJECT(.\src\Interrupts.OBJ)

line level    source

   1          //#pragma src
   2          //=========================================================
   3          // src/Interrupts.c: generated by Hardware Configurator
   4          //
   5          // This file will be regenerated when saving a document.
   6          // leave the sections inside the "$[...]" comment tags alone
   7          // or they will be overwritten!!
   8          //=========================================================
   9          
  10          // USER INCLUDES
  11          #include "main.h"
  12          #include "gen.h"
  13          #include "button.h"
  14          #include "SSD1306.h"
  15          
  16          //-----------------------------------------------------------------------------
  17          // TIMER2_ISR
  18          //-----------------------------------------------------------------------------
  19          // enters interrupt every 1ms
  20          //-----------------------------------------------------------------------------
  21          // every 1ms timer
  22          SI_INTERRUPT (TIMER2_ISR, TIMER2_IRQn)
  23            {
  24   1          // advance delay timer
  25   1          if(delay_on)
  26   1            {
  27   2              if(tmp_millis!=0)
  28   2                { tmp_millis--;}
  29   2              else
  30   2                { delay_on=0;}
  31   2            }
  32   1      
  33   1      #ifdef SCROLLING
  34   1        if(scrolldelay>0)scrolldelay--;
  35   1      #endif
  36   1      
  37   1          TMR2CN0_TF2H = 0;
  38   1        }
  39          //-----------------------------------------------------------------------------
  40          // TIMER0_ISR
  41          //-----------------------------------------------------------------------------
  42          //
  43          // TIMER0 ISR Content goes here. Remember to clear flag bits:
  44          // TCON::TF0 (Timer 0 Overflow Flag)
  45          //
  46          //-----------------------------------------------------------------------------
  47          // every 32ms while button is pressed
  48          SI_INTERRUPT (TIMER0_ISR, TIMER0_IRQn)
  49            {
  50   1          TCON_TF0=0;
  51   1          buttoncntr++;
  52   1          buttonstate = BUT_PRESSED;
C51 COMPILER V9.60.0.0   INTERRUPTS                                                        08/27/2021 21:40:09 PAGE 2   

  53   1      }
  54          
  55          //-----------------------------------------------------------------------------
  56          // INT1_ISR
  57          //-----------------------------------------------------------------------------
  58          //
  59          // INT1 ISR Content goes here. Remember to clear flag bits:
  60          // TCON::IE1 (External Interrupt 1)
  61          //
  62          //-----------------------------------------------------------------------------
  63          // Interrupt on button release
  64          SI_INTERRUPT (INT1_ISR, INT1_IRQn)
  65            {
  66   1          if(buttoncntr>161)
  67   1            { // about 5 seconds
  68   2              buttonstate = BUT_LONGPRESS;
  69   2            }
  70   1          else if(buttoncntr>3)
  71   1            {
  72   2              buttonstate = BUT_SHORTPRESS;
  73   2            }
  74   1          buttoncntr=0;
  75   1        }
  76          
  77          //-----------------------------------------------------------------------------
  78          // PCA0_ISR
  79          //-----------------------------------------------------------------------------
  80          //
  81          // PCA0 ISR Content goes here. Remember to clear flag bits:
  82          // PCA0CN0::CCF0 (PCA Module 0 Capture/Compare Flag)
  83          // PCA0CN0::CCF1 (PCA Module 1 Capture/Compare Flag)
  84          // PCA0CN0::CCF2 (PCA Module 2 Capture/Compare Flag)
  85          // PCA0CN0::CF (PCA Counter/Timer Overflow Flag)
  86          // PCA0PWM::COVF (Cycle Overflow Flag)
  87          //
  88          //-----------------------------------------------------------------------------
  89          // general timer - every 1/10 second (100ms)
  90          SI_INTERRUPT (PCA0_ISR, PCA0_IRQn)
  91            {
  92   1          PCA0=0;
  93   1          PCA0CN0_CCF0=0;
  94   1              
  95   1              pcacntr_s--;
  96   1              if(pcacntr_s==0){
  97   2                      second_tick = 1;
  98   2                      pcacntr_s = 10;
  99   2              }
 100   1              
 101   1        // counter for config logic delays
 102   1        if(configcounter_s!=0)configcounter_s--;
 103   1      
 104   1        // counter for config data flashing on screen
 105   1        if(configflashcntr!=0)configflashcntr--;
 106   1        }
 107          


MODULE INFORMATION:   STATIC OVERLAYABLE
   CODE SIZE        =    159    ----
   CONSTANT SIZE    =   ----    ----
   XDATA SIZE       =   ----    ----
   PDATA SIZE       =   ----    ----
   DATA SIZE        =   ----    ----
C51 COMPILER V9.60.0.0   INTERRUPTS                                                        08/27/2021 21:40:09 PAGE 3   

   IDATA SIZE       =   ----    ----
   BIT SIZE         =   ----    ----
   EDATA SIZE       =   ----    ----
   HDATA SIZE       =   ----    ----
   XDATA CONST SIZE =   ----    ----
   FAR CONST SIZE   =   ----    ----
END OF MODULE INFORMATION.


C51 COMPILATION COMPLETE.  0 WARNING(S),  0 ERROR(S)
